TN:
SF:src\modules\appointments\services\CreateAppointmentService.ts
FN:13,(anonymous_18)
FN:14,CreateAppointmentService
FN:19,(anonymous_20)
FNF:3
FNH:3
FNDA:1,(anonymous_18)
FNDA:2,CreateAppointmentService
FNDA:3,(anonymous_20)
DA:1,1
DA:2,1
DA:3,1
DA:13,1
DA:16,2
DA:19,3
DA:20,3
DA:22,3
DA:26,3
DA:27,1
DA:30,2
DA:35,2
DA:37,1
DA:39,1
LF:14
LH:14
BRDA:26,0,0,1
BRDA:26,0,1,2
BRF:2
BRH:2
end_of_record
TN:
SF:src\modules\users\services\AuthenticateUserService.ts
FN:20,(anonymous_18)
FN:21,AuthenticateUserService
FN:29,(anonymous_20)
FNF:3
FNH:3
FNDA:1,(anonymous_18)
FNDA:3,AuthenticateUserService
FNDA:3,(anonymous_20)
DA:2,1
DA:3,1
DA:4,1
DA:7,1
DA:20,1
DA:23,3
DA:26,3
DA:29,3
DA:30,3
DA:32,3
DA:33,1
DA:36,2
DA:41,2
DA:42,1
DA:45,1
DA:47,1
DA:52,1
DA:57,1
DA:59,1
LF:19
LH:19
BRDA:30,0,0,3
BRDA:32,1,0,1
BRDA:32,1,1,2
BRDA:41,2,0,1
BRDA:41,2,1,1
BRF:5
BRH:5
end_of_record
TN:
SF:src\modules\users\services\UpdateUserAvatarService.ts
FN:13,(anonymous_18)
FN:14,UpdateUserAvatarServer
FN:22,(anonymous_20)
FNF:3
FNH:3
FNDA:1,(anonymous_18)
FNDA:3,UpdateUserAvatarServer
FNDA:4,(anonymous_20)
DA:1,1
DA:4,1
DA:13,1
DA:16,3
DA:19,3
DA:22,4
DA:23,4
DA:25,4
DA:26,1
DA:29,5
DA:30,2
DA:33,3
DA:35,3
DA:39,6
DA:41,3
DA:43,1
DA:45,1
LF:17
LH:17
BRDA:23,0,0,4
BRDA:23,0,1,3
BRDA:25,1,0,1
BRDA:25,1,1,3
BRDA:29,2,0,2
BRDA:29,2,1,1
BRF:6
BRH:6
end_of_record
TN:
SF:src\modules\users\services\createUserService.ts
FN:15,(anonymous_18)
FN:16,CreateUserService
FN:24,(anonymous_20)
FNF:3
FNH:3
FNDA:2,(anonymous_18)
FNDA:4,CreateUserService
FNDA:5,(anonymous_20)
DA:3,2
DA:6,2
DA:15,2
DA:18,4
DA:21,4
DA:24,5
DA:25,5
DA:27,5
DA:28,1
DA:31,4
DA:33,4
DA:39,4
DA:41,2
DA:43,2
LF:14
LH:14
BRDA:25,0,0,5
BRDA:27,1,0,1
BRDA:27,1,1,4
BRF:3
BRH:3
end_of_record
